Build started 12/11/2012 1:26:31 AM.
     1>Project "C:\Users\nsatvik\My Projects\CG Mini Project\GraphicsEditor\GraphicsEditor\GraphicsEditor.vcxproj" on node 2 (build target(s)).
     1>InitializeBuildStatus:
         Creating "Debug\GraphicsEditor.unsuccessfulbuild" because "AlwaysCreate" was specified.
       ClCompile:
         c:\Program Files (x86)\Microsoft Visual Studio 10.0\VC\bin\CL.exe /c /ZI /nologo /W4 /WX- /Od /Oy- /D _CRT_SECURE_NO_WARNINGS /D WIN32 /D _DEBUG /D _CONSOLE /Gm /EHsc /RTC1 /MDd /GS /fp:precise /Zc:wchar_t /Zc:forScope /Fo"Debug\\" /Fd"Debug\vc100.pdb" /Gd /TP /analyze- /errorReport:prompt application_main.cpp
         application_main.cpp
     1>c:\users\nsatvik\my projects\cg mini project\graphicseditor\graphicseditor\colorpanel.h(70): warning C4305: 'argument' : truncation from 'double' to 'GLfloat'
     1>c:\users\nsatvik\my projects\cg mini project\graphicseditor\graphicseditor\colorpanel.h(74): warning C4305: 'argument' : truncation from 'double' to 'GLfloat'
     1>c:\users\nsatvik\my projects\cg mini project\graphicseditor\graphicseditor\colorpanel.h(78): warning C4305: 'argument' : truncation from 'double' to 'GLfloat'
     1>c:\users\nsatvik\my projects\cg mini project\graphicseditor\graphicseditor\colorpanel.h(84): warning C4305: 'argument' : truncation from 'double' to 'GLfloat'
     1>c:\users\nsatvik\my projects\cg mini project\graphicseditor\graphicseditor\colorpanel.h(84): warning C4305: 'argument' : truncation from 'double' to 'GLfloat'
     1>c:\users\nsatvik\my projects\cg mini project\graphicseditor\graphicseditor\colorpanel.h(88): warning C4305: 'argument' : truncation from 'double' to 'GLfloat'
     1>c:\users\nsatvik\my projects\cg mini project\graphicseditor\graphicseditor\colorpanel.h(88): warning C4305: 'argument' : truncation from 'double' to 'GLfloat'
     1>c:\users\nsatvik\my projects\cg mini project\graphicseditor\graphicseditor\colorpanel.h(88): warning C4305: 'argument' : truncation from 'double' to 'GLfloat'
     1>c:\users\nsatvik\my projects\cg mini project\graphicseditor\graphicseditor\colorpanel.h(92): warning C4305: 'argument' : truncation from 'double' to 'GLfloat'
     1>c:\users\nsatvik\my projects\cg mini project\graphicseditor\graphicseditor\colorpanel.h(92): warning C4305: 'argument' : truncation from 'double' to 'GLfloat'
     1>c:\users\nsatvik\my projects\cg mini project\graphicseditor\graphicseditor\colorpanel.h(92): warning C4305: 'argument' : truncation from 'double' to 'GLfloat'
     1>c:\users\nsatvik\my projects\cg mini project\graphicseditor\graphicseditor\colorpanel.h(98): warning C4305: 'argument' : truncation from 'double' to 'GLfloat'
     1>c:\users\nsatvik\my projects\cg mini project\graphicseditor\graphicseditor\colorpanel.h(98): warning C4305: 'argument' : truncation from 'double' to 'GLfloat'
     1>c:\users\nsatvik\my projects\cg mini project\graphicseditor\graphicseditor\colorpanel.h(102): warning C4305: 'argument' : truncation from 'double' to 'GLfloat'
     1>c:\users\nsatvik\my projects\cg mini project\graphicseditor\graphicseditor\colorpanel.h(102): warning C4305: 'argument' : truncation from 'double' to 'GLfloat'
     1>c:\users\nsatvik\my projects\cg mini project\graphicseditor\graphicseditor\colorpanel.h(106): warning C4305: 'argument' : truncation from 'double' to 'GLfloat'
     1>c:\users\nsatvik\my projects\cg mini project\graphicseditor\graphicseditor\colorpanel.h(106): warning C4305: 'argument' : truncation from 'double' to 'GLfloat'
     1>c:\users\nsatvik\my projects\cg mini project\graphicseditor\graphicseditor\colorpanel.h(106): warning C4305: 'argument' : truncation from 'double' to 'GLfloat'
     1>c:\users\nsatvik\my projects\cg mini project\graphicseditor\graphicseditor\colorpanel.h(116): warning C4305: 'argument' : truncation from 'double' to 'GLfloat'
     1>c:\users\nsatvik\my projects\cg mini project\graphicseditor\graphicseditor\colorpanel.h(116): warning C4305: 'argument' : truncation from 'double' to 'GLfloat'
     1>c:\users\nsatvik\my projects\cg mini project\graphicseditor\graphicseditor\colorpanel.h(116): warning C4305: 'argument' : truncation from 'double' to 'GLfloat'
     1>c:\users\nsatvik\my projects\cg mini project\graphicseditor\graphicseditor\application_main.cpp(23): warning C4305: 'argument' : truncation from 'double' to 'GLclampf'
     1>c:\users\nsatvik\my projects\cg mini project\graphicseditor\graphicseditor\application_main.cpp(23): warning C4305: 'argument' : truncation from 'double' to 'GLclampf'
     1>c:\users\nsatvik\my projects\cg mini project\graphicseditor\graphicseditor\application_main.cpp(23): warning C4305: 'argument' : truncation from 'double' to 'GLclampf'
     1>c:\users\nsatvik\my projects\cg mini project\graphicseditor\graphicseditor\application_main.cpp(23): warning C4305: 'argument' : truncation from 'double' to 'GLclampf'
     1>c:\program files (x86)\microsoft sdks\windows\v7.0a\include\gl\freeglut_std.h(610): warning C4505: 'glutCreateMenu_ATEXIT_HACK' : unreferenced local function has been removed
       ManifestResourceCompile:
         All outputs are up-to-date.
       Link:
         c:\Program Files (x86)\Microsoft Visual Studio 10.0\VC\bin\link.exe /ERRORREPORT:PROMPT /OUT:"C:\Users\nsatvik\My Projects\CG Mini Project\GraphicsEditor\Debug\GraphicsEditor.exe" /INCREMENTAL /NOLOGO glew32.lib freeglut.lib kernel32.lib user32.lib gdi32.lib winspool.lib comdlg32.lib advapi32.lib shell32.lib ole32.lib oleaut32.lib uuid.lib odbc32.lib odbccp32.lib /MANIFEST /ManifestFile:"Debug\GraphicsEditor.exe.intermediate.manifest" /MANIFESTUAC:"level='asInvoker' uiAccess='false'" /DEBUG /PDB:"C:\Users\nsatvik\My Projects\CG Mini Project\GraphicsEditor\Debug\GraphicsEditor.pdb" /SUBSYSTEM:CONSOLE /TLBID:1 /DYNAMICBASE /NXCOMPAT /IMPLIB:"C:\Users\nsatvik\My Projects\CG Mini Project\GraphicsEditor\Debug\GraphicsEditor.lib" /MACHINE:X86 Debug\GraphicsEditor.exe.embed.manifest.res
         Debug\application_main.obj
       Manifest:
         C:\Program Files (x86)\Microsoft SDKs\Windows\v7.0A\bin\mt.exe /nologo /verbose /out:"Debug\GraphicsEditor.exe.embed.manifest" /manifest Debug\GraphicsEditor.exe.intermediate.manifest
         All outputs are up-to-date.
       LinkEmbedManifest:
         All outputs are up-to-date.
         GraphicsEditor.vcxproj -> C:\Users\nsatvik\My Projects\CG Mini Project\GraphicsEditor\Debug\GraphicsEditor.exe
       FinalizeBuildStatus:
         Deleting file "Debug\GraphicsEditor.unsuccessfulbuild".
         Touching "Debug\GraphicsEditor.lastbuildstate".
     1>Done Building Project "C:\Users\nsatvik\My Projects\CG Mini Project\GraphicsEditor\GraphicsEditor\GraphicsEditor.vcxproj" (build target(s)).

Build succeeded.

Time Elapsed 00:00:01.00
