Build started 12/15/2012 7:40:38 AM.
     1>Project "C:\Users\nsatvik\Documents\GitHub\GraphicalEditor\GraphicsEditor\GraphicsEditor\GraphicsEditor.vcxproj" on node 2 (build target(s)).
     1>InitializeBuildStatus:
         Creating "Debug\GraphicsEditor.unsuccessfulbuild" because "AlwaysCreate" was specified.
       ClCompile:
         c:\Program Files (x86)\Microsoft Visual Studio 10.0\VC\bin\CL.exe /c /ZI /nologo /W4 /WX- /Od /Oy- /D _CRT_SECURE_NO_WARNINGS /D WIN32 /D _DEBUG /D _CONSOLE /Gm /EHsc /RTC1 /MDd /GS /fp:precise /Zc:wchar_t /Zc:forScope /Fo"Debug\\" /Fd"Debug\vc100.pdb" /Gd /TP /analyze- /errorReport:prompt application_main.cpp
         application_main.cpp
     1>c:\users\nsatvik\documents\github\graphicaleditor\graphicseditor\graphicseditor\tool.h(126): warning C4305: '=' : truncation from 'double' to 'GLfloat'
     1>c:\users\nsatvik\documents\github\graphicaleditor\graphicseditor\graphicseditor\tool.h(132): warning C4305: '+=' : truncation from 'double' to 'GLfloat'
     1>c:\users\nsatvik\documents\github\graphicaleditor\graphicseditor\graphicseditor\tool.h(137): warning C4305: '-=' : truncation from 'double' to 'GLfloat'
     1>c:\users\nsatvik\documents\github\graphicaleditor\graphicseditor\graphicseditor\tool.h(154): warning C4305: 'argument' : truncation from 'double' to 'GLfloat'
     1>c:\users\nsatvik\documents\github\graphicaleditor\graphicseditor\graphicseditor\tool.h(199): warning C4244: 'argument' : conversion from 'double' to 'float', possible loss of data
     1>c:\users\nsatvik\documents\github\graphicaleditor\graphicseditor\graphicseditor\tool.h(199): warning C4244: 'argument' : conversion from 'double' to 'float', possible loss of data
     1>c:\users\nsatvik\documents\github\graphicaleditor\graphicseditor\graphicseditor\tool.h(207): warning C4244: 'argument' : conversion from 'int' to 'GLfloat', possible loss of data
     1>c:\users\nsatvik\documents\github\graphicaleditor\graphicseditor\graphicseditor\tool.h(207): warning C4244: 'argument' : conversion from 'int' to 'GLfloat', possible loss of data
     1>c:\users\nsatvik\documents\github\graphicaleditor\graphicseditor\graphicseditor\tool.h(208): warning C4244: 'argument' : conversion from 'double' to 'GLfloat', possible loss of data
     1>c:\users\nsatvik\documents\github\graphicaleditor\graphicseditor\graphicseditor\tool.h(208): warning C4244: 'argument' : conversion from 'int' to 'GLfloat', possible loss of data
     1>c:\users\nsatvik\documents\github\graphicaleditor\graphicseditor\graphicseditor\tool.h(209): warning C4244: 'argument' : conversion from 'double' to 'GLfloat', possible loss of data
     1>c:\users\nsatvik\documents\github\graphicaleditor\graphicseditor\graphicseditor\tool.h(209): warning C4244: 'argument' : conversion from 'double' to 'GLfloat', possible loss of data
     1>c:\users\nsatvik\documents\github\graphicaleditor\graphicseditor\graphicseditor\tool.h(210): warning C4244: 'argument' : conversion from 'int' to 'GLfloat', possible loss of data
     1>c:\users\nsatvik\documents\github\graphicaleditor\graphicseditor\graphicseditor\tool.h(210): warning C4244: 'argument' : conversion from 'double' to 'GLfloat', possible loss of data
     1>c:\users\nsatvik\documents\github\graphicaleditor\graphicseditor\graphicseditor\tool.h(202): warning C4100: 'img' : unreferenced formal parameter
     1>c:\users\nsatvik\documents\github\graphicaleditor\graphicseditor\graphicseditor\tool.h(202): warning C4100: 'canvas' : unreferenced formal parameter
     1>c:\users\nsatvik\documents\github\graphicaleditor\graphicseditor\graphicseditor\tool.h(222): warning C4244: 'argument' : conversion from 'double' to 'float', possible loss of data
     1>c:\users\nsatvik\documents\github\graphicaleditor\graphicseditor\graphicseditor\tool.h(222): warning C4244: 'argument' : conversion from 'double' to 'float', possible loss of data
     1>c:\users\nsatvik\documents\github\graphicaleditor\graphicseditor\graphicseditor\tool.h(225): warning C4100: 'img' : unreferenced formal parameter
     1>c:\users\nsatvik\documents\github\graphicaleditor\graphicseditor\graphicseditor\tool.h(225): warning C4100: 'canvas' : unreferenced formal parameter
     1>c:\users\nsatvik\documents\github\graphicaleditor\graphicseditor\graphicseditor\tool.h(257): warning C4244: 'argument' : conversion from 'double' to 'float', possible loss of data
     1>c:\users\nsatvik\documents\github\graphicaleditor\graphicseditor\graphicseditor\tool.h(257): warning C4244: 'argument' : conversion from 'double' to 'float', possible loss of data
     1>c:\users\nsatvik\documents\github\graphicaleditor\graphicseditor\graphicseditor\tool.h(265): warning C4244: 'argument' : conversion from 'int' to 'float', possible loss of data
     1>c:\users\nsatvik\documents\github\graphicaleditor\graphicseditor\graphicseditor\tool.h(266): warning C4244: 'argument' : conversion from 'int' to 'float', possible loss of data
     1>c:\users\nsatvik\documents\github\graphicaleditor\graphicseditor\graphicseditor\tool.h(270): warning C4244: 'argument' : conversion from 'int' to 'GLfloat', possible loss of data
     1>c:\users\nsatvik\documents\github\graphicaleditor\graphicseditor\graphicseditor\tool.h(270): warning C4244: 'argument' : conversion from 'int' to 'GLfloat', possible loss of data
     1>c:\users\nsatvik\documents\github\graphicaleditor\graphicseditor\graphicseditor\tool.h(293): warning C4244: 'argument' : conversion from 'double' to 'GLsizei', possible loss of data
     1>c:\users\nsatvik\documents\github\graphicaleditor\graphicseditor\graphicseditor\tool.h(293): warning C4244: 'argument' : conversion from 'double' to 'GLsizei', possible loss of data
     1>c:\users\nsatvik\documents\github\graphicaleditor\graphicseditor\graphicseditor\tool.h(297): warning C4244: 'argument' : conversion from 'int' to 'GLfloat', possible loss of data
     1>c:\users\nsatvik\documents\github\graphicaleditor\graphicseditor\graphicseditor\tool.h(297): warning C4244: 'argument' : conversion from 'int' to 'GLfloat', possible loss of data
     1>c:\users\nsatvik\documents\github\graphicaleditor\graphicseditor\graphicseditor\tool.h(260): warning C4100: 'canvas' : unreferenced formal parameter
     1>c:\users\nsatvik\documents\github\graphicaleditor\graphicseditor\graphicseditor\tool.h(312): warning C4244: 'argument' : conversion from 'double' to 'float', possible loss of data
     1>c:\users\nsatvik\documents\github\graphicaleditor\graphicseditor\graphicseditor\tool.h(312): warning C4244: 'argument' : conversion from 'double' to 'float', possible loss of data
     1>c:\users\nsatvik\documents\github\graphicaleditor\graphicseditor\graphicseditor\tool.h(320): warning C4244: 'argument' : conversion from 'int' to 'float', possible loss of data
     1>c:\users\nsatvik\documents\github\graphicaleditor\graphicseditor\graphicseditor\tool.h(321): warning C4244: 'argument' : conversion from 'int' to 'float', possible loss of data
     1>c:\users\nsatvik\documents\github\graphicaleditor\graphicseditor\graphicseditor\tool.h(329): warning C4244: 'argument' : conversion from 'double' to 'GLsizei', possible loss of data
     1>c:\users\nsatvik\documents\github\graphicaleditor\graphicseditor\graphicseditor\tool.h(329): warning C4244: 'argument' : conversion from 'double' to 'GLsizei', possible loss of data
     1>c:\users\nsatvik\documents\github\graphicaleditor\graphicseditor\graphicseditor\tool.h(331): warning C4244: 'argument' : conversion from 'int' to 'GLfloat', possible loss of data
     1>c:\users\nsatvik\documents\github\graphicaleditor\graphicseditor\graphicseditor\tool.h(331): warning C4244: 'argument' : conversion from 'int' to 'GLfloat', possible loss of data
     1>c:\users\nsatvik\documents\github\graphicaleditor\graphicseditor\graphicseditor\tool.h(315): warning C4100: 'canvas' : unreferenced formal parameter
     1>c:\users\nsatvik\documents\github\graphicaleditor\graphicseditor\graphicseditor\tool.h(343): warning C4244: 'argument' : conversion from 'double' to 'float', possible loss of data
     1>c:\users\nsatvik\documents\github\graphicaleditor\graphicseditor\graphicseditor\tool.h(343): warning C4244: 'argument' : conversion from 'double' to 'float', possible loss of data
     1>c:\users\nsatvik\documents\github\graphicaleditor\graphicseditor\graphicseditor\tool.h(350): warning C4244: 'argument' : conversion from 'int' to 'float', possible loss of data
     1>c:\users\nsatvik\documents\github\graphicaleditor\graphicseditor\graphicseditor\tool.h(351): warning C4244: 'argument' : conversion from 'int' to 'float', possible loss of data
     1>c:\users\nsatvik\documents\github\graphicaleditor\graphicseditor\graphicseditor\tool.h(374): warning C4305: '+=' : truncation from 'double' to 'float'
     1>c:\users\nsatvik\documents\github\graphicaleditor\graphicseditor\graphicseditor\tool.h(346): warning C4100: 'canvas' : unreferenced formal parameter
     1>c:\users\nsatvik\documents\github\graphicaleditor\graphicseditor\graphicseditor\tool.h(388): warning C4244: 'argument' : conversion from 'double' to 'float', possible loss of data
     1>c:\users\nsatvik\documents\github\graphicaleditor\graphicseditor\graphicseditor\tool.h(388): warning C4244: 'argument' : conversion from 'double' to 'float', possible loss of data
     1>c:\users\nsatvik\documents\github\graphicaleditor\graphicseditor\graphicseditor\tool.h(391): warning C4100: 'img' : unreferenced formal parameter
     1>c:\users\nsatvik\documents\github\graphicaleditor\graphicseditor\graphicseditor\tool.h(391): warning C4100: 'canvas' : unreferenced formal parameter
     1>c:\users\nsatvik\documents\github\graphicaleditor\graphicseditor\graphicseditor\tool.h(417): warning C4244: 'argument' : conversion from 'double' to 'float', possible loss of data
     1>c:\users\nsatvik\documents\github\graphicaleditor\graphicseditor\graphicseditor\tool.h(417): warning C4244: 'argument' : conversion from 'double' to 'float', possible loss of data
     1>c:\users\nsatvik\documents\github\graphicaleditor\graphicseditor\graphicseditor\tool.h(419): warning C4100: 'img' : unreferenced formal parameter
     1>c:\users\nsatvik\documents\github\graphicaleditor\graphicseditor\graphicseditor\tool.h(419): warning C4100: 'canvas' : unreferenced formal parameter
     1>c:\users\nsatvik\documents\github\graphicaleditor\graphicseditor\graphicseditor\colorpanel.h(86): warning C4305: 'argument' : truncation from 'double' to 'float'
     1>c:\users\nsatvik\documents\github\graphicaleditor\graphicseditor\graphicseditor\colorpanel.h(87): warning C4305: 'argument' : truncation from 'double' to 'float'
     1>c:\users\nsatvik\documents\github\graphicaleditor\graphicseditor\graphicseditor\colorpanel.h(88): warning C4305: 'argument' : truncation from 'double' to 'float'
     1>c:\users\nsatvik\documents\github\graphicaleditor\graphicseditor\graphicseditor\colorpanel.h(90): warning C4305: 'argument' : truncation from 'double' to 'float'
     1>c:\users\nsatvik\documents\github\graphicaleditor\graphicseditor\graphicseditor\colorpanel.h(90): warning C4305: 'argument' : truncation from 'double' to 'float'
     1>c:\users\nsatvik\documents\github\graphicaleditor\graphicseditor\graphicseditor\colorpanel.h(91): warning C4305: 'argument' : truncation from 'double' to 'float'
     1>c:\users\nsatvik\documents\github\graphicaleditor\graphicseditor\graphicseditor\colorpanel.h(91): warning C4305: 'argument' : truncation from 'double' to 'float'
     1>c:\users\nsatvik\documents\github\graphicaleditor\graphicseditor\graphicseditor\colorpanel.h(91): warning C4305: 'argument' : truncation from 'double' to 'float'
     1>c:\users\nsatvik\documents\github\graphicaleditor\graphicseditor\graphicseditor\colorpanel.h(92): warning C4305: 'argument' : truncation from 'double' to 'float'
     1>c:\users\nsatvik\documents\github\graphicaleditor\graphicseditor\graphicseditor\colorpanel.h(92): warning C4305: 'argument' : truncation from 'double' to 'float'
     1>c:\users\nsatvik\documents\github\graphicaleditor\graphicseditor\graphicseditor\colorpanel.h(92): warning C4305: 'argument' : truncation from 'double' to 'float'
     1>c:\users\nsatvik\documents\github\graphicaleditor\graphicseditor\graphicseditor\colorpanel.h(94): warning C4305: 'argument' : truncation from 'double' to 'float'
     1>c:\users\nsatvik\documents\github\graphicaleditor\graphicseditor\graphicseditor\colorpanel.h(94): warning C4305: 'argument' : truncation from 'double' to 'float'
     1>c:\users\nsatvik\documents\github\graphicaleditor\graphicseditor\graphicseditor\colorpanel.h(95): warning C4305: 'argument' : truncation from 'double' to 'float'
     1>c:\users\nsatvik\documents\github\graphicaleditor\graphicseditor\graphicseditor\colorpanel.h(95): warning C4305: 'argument' : truncation from 'double' to 'float'
     1>c:\users\nsatvik\documents\github\graphicaleditor\graphicseditor\graphicseditor\colorpanel.h(96): warning C4305: 'argument' : truncation from 'double' to 'float'
     1>c:\users\nsatvik\documents\github\graphicaleditor\graphicseditor\graphicseditor\colorpanel.h(96): warning C4305: 'argument' : truncation from 'double' to 'float'
     1>c:\users\nsatvik\documents\github\graphicaleditor\graphicseditor\graphicseditor\colorpanel.h(96): warning C4305: 'argument' : truncation from 'double' to 'float'
     1>c:\users\nsatvik\documents\github\graphicaleditor\graphicseditor\graphicseditor\colorpanel.h(175): warning C4244: 'initializing' : conversion from 'float' to 'int', possible loss of data
     1>c:\users\nsatvik\documents\github\graphicaleditor\graphicseditor\graphicseditor\colorpanel.h(176): warning C4244: 'initializing' : conversion from 'float' to 'int', possible loss of data
     1>c:\users\nsatvik\documents\github\graphicaleditor\graphicseditor\graphicseditor\canvas.h(70): warning C4244: 'argument' : conversion from 'double' to 'GLsizei', possible loss of data
     1>c:\users\nsatvik\documents\github\graphicaleditor\graphicseditor\graphicseditor\canvas.h(70): warning C4244: 'argument' : conversion from 'double' to 'GLsizei', possible loss of data
     1>c:\users\nsatvik\documents\github\graphicaleditor\graphicseditor\graphicseditor\canvas.h(75): warning C4244: 'argument' : conversion from 'int' to 'float', possible loss of data
     1>c:\users\nsatvik\documents\github\graphicaleditor\graphicseditor\graphicseditor\canvas.h(76): warning C4244: 'argument' : conversion from 'int' to 'float', possible loss of data
     1>c:\users\nsatvik\documents\github\graphicaleditor\graphicseditor\graphicseditor\canvas.h(81): warning C4244: 'argument' : conversion from 'double' to 'GLsizei', possible loss of data
     1>c:\users\nsatvik\documents\github\graphicaleditor\graphicseditor\graphicseditor\canvas.h(81): warning C4244: 'argument' : conversion from 'double' to 'GLsizei', possible loss of data
     1>c:\users\nsatvik\documents\github\graphicaleditor\graphicseditor\graphicseditor\canvas.h(111): warning C4127: conditional expression is constant
     1>c:\users\nsatvik\documents\github\graphicaleditor\graphicseditor\graphicseditor\canvas.h(129): warning C4127: conditional expression is constant
     1>c:\users\nsatvik\documents\github\graphicaleditor\graphicseditor\graphicseditor\special_tools.h(22): warning C4244: 'argument' : conversion from 'double' to 'float', possible loss of data
     1>c:\users\nsatvik\documents\github\graphicaleditor\graphicseditor\graphicseditor\special_tools.h(22): warning C4244: 'argument' : conversion from 'double' to 'float', possible loss of data
     1>c:\users\nsatvik\documents\github\graphicaleditor\graphicseditor\graphicseditor\special_tools.h(30): warning C4244: 'argument' : conversion from 'int' to 'float', possible loss of data
     1>c:\users\nsatvik\documents\github\graphicaleditor\graphicseditor\graphicseditor\special_tools.h(30): warning C4244: 'argument' : conversion from 'int' to 'float', possible loss of data
     1>c:\users\nsatvik\documents\github\graphicaleditor\graphicseditor\graphicseditor\special_tools.h(24): warning C4100: 'img' : unreferenced formal parameter
     1>c:\users\nsatvik\documents\github\graphicaleditor\graphicseditor\graphicseditor\special_tools.h(24): warning C4100: 'canvas' : unreferenced formal parameter
     1>c:\users\nsatvik\documents\github\graphicaleditor\graphicseditor\graphicseditor\special_tools.h(55): warning C4244: 'argument' : conversion from 'double' to 'float', possible loss of data
     1>c:\users\nsatvik\documents\github\graphicaleditor\graphicseditor\graphicseditor\special_tools.h(55): warning C4244: 'argument' : conversion from 'double' to 'float', possible loss of data
     1>c:\users\nsatvik\documents\github\graphicaleditor\graphicseditor\graphicseditor\special_tools.h(62): warning C4244: 'argument' : conversion from 'int' to 'float', possible loss of data
     1>c:\users\nsatvik\documents\github\graphicaleditor\graphicseditor\graphicseditor\special_tools.h(62): warning C4244: 'argument' : conversion from 'int' to 'float', possible loss of data
     1>c:\users\nsatvik\documents\github\graphicaleditor\graphicseditor\graphicseditor\special_tools.h(59): warning C4100: 'img' : unreferenced formal parameter
     1>c:\users\nsatvik\documents\github\graphicaleditor\graphicseditor\graphicseditor\special_tools.h(59): warning C4100: 'canvas' : unreferenced formal parameter
     1>c:\users\nsatvik\documents\github\graphicaleditor\graphicseditor\graphicseditor\special_tools.h(81): warning C4244: 'argument' : conversion from 'double' to 'float', possible loss of data
     1>c:\users\nsatvik\documents\github\graphicaleditor\graphicseditor\graphicseditor\special_tools.h(81): warning C4244: 'argument' : conversion from 'double' to 'float', possible loss of data
     1>c:\users\nsatvik\documents\github\graphicaleditor\graphicseditor\graphicseditor\special_tools.h(90): warning C4244: 'argument' : conversion from 'int' to 'float', possible loss of data
     1>c:\users\nsatvik\documents\github\graphicaleditor\graphicseditor\graphicseditor\special_tools.h(91): warning C4244: 'argument' : conversion from 'int' to 'float', possible loss of data
     1>c:\users\nsatvik\documents\github\graphicaleditor\graphicseditor\graphicseditor\special_tools.h(99): warning C4244: 'argument' : conversion from 'double' to 'GLsizei', possible loss of data
     1>c:\users\nsatvik\documents\github\graphicaleditor\graphicseditor\graphicseditor\special_tools.h(99): warning C4244: 'argument' : conversion from 'double' to 'GLsizei', possible loss of data
     1>c:\users\nsatvik\documents\github\graphicaleditor\graphicseditor\graphicseditor\special_tools.h(102): warning C4244: 'argument' : conversion from 'float' to 'GLint', possible loss of data
     1>c:\users\nsatvik\documents\github\graphicaleditor\graphicseditor\graphicseditor\special_tools.h(103): warning C4244: 'argument' : conversion from 'float' to 'GLint', possible loss of data
     1>c:\users\nsatvik\documents\github\graphicaleditor\graphicseditor\graphicseditor\special_tools.h(103): warning C4244: 'argument' : conversion from 'float' to 'GLint', possible loss of data
     1>c:\users\nsatvik\documents\github\graphicaleditor\graphicseditor\graphicseditor\special_tools.h(104): warning C4244: 'argument' : conversion from 'float' to 'GLint', possible loss of data
     1>c:\users\nsatvik\documents\github\graphicaleditor\graphicseditor\graphicseditor\special_tools.h(83): warning C4100: 'canvas' : unreferenced formal parameter
     1>c:\users\nsatvik\documents\github\graphicaleditor\graphicseditor\graphicseditor\special_tools.h(140): warning C4244: 'argument' : conversion from 'double' to 'float', possible loss of data
     1>c:\users\nsatvik\documents\github\graphicaleditor\graphicseditor\graphicseditor\special_tools.h(140): warning C4244: 'argument' : conversion from 'double' to 'float', possible loss of data
     1>c:\users\nsatvik\documents\github\graphicaleditor\graphicseditor\graphicseditor\special_tools.h(149): warning C4244: 'argument' : conversion from 'int' to 'float', possible loss of data
     1>c:\users\nsatvik\documents\github\graphicaleditor\graphicseditor\graphicseditor\special_tools.h(150): warning C4244: 'argument' : conversion from 'int' to 'float', possible loss of data
     1>c:\users\nsatvik\documents\github\graphicaleditor\graphicseditor\graphicseditor\special_tools.h(158): warning C4244: 'argument' : conversion from 'double' to 'GLsizei', possible loss of data
     1>c:\users\nsatvik\documents\github\graphicaleditor\graphicseditor\graphicseditor\special_tools.h(158): warning C4244: 'argument' : conversion from 'double' to 'GLsizei', possible loss of data
     1>c:\users\nsatvik\documents\github\graphicaleditor\graphicseditor\graphicseditor\special_tools.h(161): warning C4244: 'argument' : conversion from 'float' to 'GLint', possible loss of data
     1>c:\users\nsatvik\documents\github\graphicaleditor\graphicseditor\graphicseditor\special_tools.h(162): warning C4244: 'argument' : conversion from 'float' to 'GLint', possible loss of data
     1>c:\users\nsatvik\documents\github\graphicaleditor\graphicseditor\graphicseditor\special_tools.h(162): warning C4244: 'argument' : conversion from 'float' to 'GLint', possible loss of data
     1>c:\users\nsatvik\documents\github\graphicaleditor\graphicseditor\graphicseditor\special_tools.h(163): warning C4244: 'argument' : conversion from 'float' to 'GLint', possible loss of data
     1>c:\users\nsatvik\documents\github\graphicaleditor\graphicseditor\graphicseditor\special_tools.h(142): warning C4100: 'canvas' : unreferenced formal parameter
     1>c:\users\nsatvik\documents\github\graphicaleditor\graphicseditor\graphicseditor\special_tools.h(185): warning C4244: 'argument' : conversion from 'double' to 'float', possible loss of data
     1>c:\users\nsatvik\documents\github\graphicaleditor\graphicseditor\graphicseditor\special_tools.h(185): warning C4244: 'argument' : conversion from 'double' to 'float', possible loss of data
     1>c:\users\nsatvik\documents\github\graphicaleditor\graphicseditor\graphicseditor\special_tools.h(192): warning C4244: 'argument' : conversion from 'int' to 'float', possible loss of data
     1>c:\users\nsatvik\documents\github\graphicaleditor\graphicseditor\graphicseditor\special_tools.h(192): warning C4244: 'argument' : conversion from 'int' to 'float', possible loss of data
     1>c:\users\nsatvik\documents\github\graphicaleditor\graphicseditor\graphicseditor\special_tools.h(189): warning C4100: 'img' : unreferenced formal parameter
     1>c:\users\nsatvik\documents\github\graphicaleditor\graphicseditor\graphicseditor\special_tools.h(189): warning C4100: 'canvas' : unreferenced formal parameter
     1>c:\users\nsatvik\documents\github\graphicaleditor\graphicseditor\graphicseditor\special_tools.h(209): warning C4244: 'argument' : conversion from 'double' to 'float', possible loss of data
     1>c:\users\nsatvik\documents\github\graphicaleditor\graphicseditor\graphicseditor\special_tools.h(209): warning C4244: 'argument' : conversion from 'double' to 'float', possible loss of data
     1>c:\users\nsatvik\documents\github\graphicaleditor\graphicseditor\graphicseditor\special_tools.h(214): warning C4244: 'argument' : conversion from 'int' to 'float', possible loss of data
     1>c:\users\nsatvik\documents\github\graphicaleditor\graphicseditor\graphicseditor\special_tools.h(214): warning C4244: 'argument' : conversion from 'int' to 'float', possible loss of data
     1>c:\users\nsatvik\documents\github\graphicaleditor\graphicseditor\graphicseditor\special_tools.h(211): warning C4100: 'img' : unreferenced formal parameter
     1>c:\users\nsatvik\documents\github\graphicaleditor\graphicseditor\graphicseditor\special_tools.h(211): warning C4100: 'canvas' : unreferenced formal parameter
     1>c:\users\nsatvik\documents\github\graphicaleditor\graphicseditor\graphicseditor\special_tools.h(233): warning C4244: 'argument' : conversion from 'double' to 'float', possible loss of data
     1>c:\users\nsatvik\documents\github\graphicaleditor\graphicseditor\graphicseditor\special_tools.h(233): warning C4244: 'argument' : conversion from 'double' to 'float', possible loss of data
     1>c:\users\nsatvik\documents\github\graphicaleditor\graphicseditor\graphicseditor\special_tools.h(238): warning C4244: 'argument' : conversion from 'int' to 'float', possible loss of data
     1>c:\users\nsatvik\documents\github\graphicaleditor\graphicseditor\graphicseditor\special_tools.h(238): warning C4244: 'argument' : conversion from 'int' to 'float', possible loss of data
     1>c:\users\nsatvik\documents\github\graphicaleditor\graphicseditor\graphicseditor\special_tools.h(235): warning C4100: 'img' : unreferenced formal parameter
     1>c:\users\nsatvik\documents\github\graphicaleditor\graphicseditor\graphicseditor\special_tools.h(235): warning C4100: 'canvas' : unreferenced formal parameter
     1>c:\users\nsatvik\documents\github\graphicaleditor\graphicseditor\graphicseditor\special_tools.h(256): warning C4244: 'argument' : conversion from 'double' to 'float', possible loss of data
     1>c:\users\nsatvik\documents\github\graphicaleditor\graphicseditor\graphicseditor\special_tools.h(256): warning C4244: 'argument' : conversion from 'double' to 'float', possible loss of data
     1>c:\users\nsatvik\documents\github\graphicaleditor\graphicseditor\graphicseditor\special_tools.h(261): warning C4244: 'argument' : conversion from 'int' to 'float', possible loss of data
     1>c:\users\nsatvik\documents\github\graphicaleditor\graphicseditor\graphicseditor\special_tools.h(261): warning C4244: 'argument' : conversion from 'int' to 'float', possible loss of data
     1>c:\users\nsatvik\documents\github\graphicaleditor\graphicseditor\graphicseditor\special_tools.h(258): warning C4100: 'img' : unreferenced formal parameter
     1>c:\users\nsatvik\documents\github\graphicaleditor\graphicseditor\graphicseditor\special_tools.h(258): warning C4100: 'canvas' : unreferenced formal parameter
     1>c:\users\nsatvik\documents\github\graphicaleditor\graphicseditor\graphicseditor\drawingtoolbar.h(159): warning C4244: 'initializing' : conversion from 'float' to 'int', possible loss of data
     1>c:\users\nsatvik\documents\github\graphicaleditor\graphicseditor\graphicseditor\drawingtoolbar.h(160): warning C4244: 'initializing' : conversion from 'float' to 'int', possible loss of data
     1>c:\users\nsatvik\documents\github\graphicaleditor\graphicseditor\graphicseditor\menubar.h(61): warning C4305: 'argument' : truncation from 'double' to 'float'
     1>c:\users\nsatvik\documents\github\graphicaleditor\graphicseditor\graphicseditor\menubar.h(61): warning C4305: 'argument' : truncation from 'double' to 'float'
     1>c:\users\nsatvik\documents\github\graphicaleditor\graphicseditor\graphicseditor\menubar.h(112): warning C4100: 'y' : unreferenced formal parameter
     1>c:\users\nsatvik\documents\github\graphicaleditor\graphicseditor\graphicseditor\drawingboard.h(37): warning C4305: 'argument' : truncation from 'double' to 'float'
     1>c:\users\nsatvik\documents\github\graphicaleditor\graphicseditor\graphicseditor\drawingboard.h(37): warning C4305: 'argument' : truncation from 'double' to 'float'
     1>c:\users\nsatvik\documents\github\graphicaleditor\graphicseditor\graphicseditor\drawingboard.h(38): warning C4305: 'argument' : truncation from 'double' to 'float'
     1>c:\users\nsatvik\documents\github\graphicaleditor\graphicseditor\graphicseditor\drawingboard.h(38): warning C4305: 'argument' : truncation from 'double' to 'float'
     1>c:\users\nsatvik\documents\github\graphicaleditor\graphicseditor\graphicseditor\drawingboard.h(38): warning C4305: 'argument' : truncation from 'double' to 'float'
     1>c:\users\nsatvik\documents\github\graphicaleditor\graphicseditor\graphicseditor\drawingboard.h(39): warning C4305: 'argument' : truncation from 'double' to 'float'
     1>c:\users\nsatvik\documents\github\graphicaleditor\graphicseditor\graphicseditor\drawingboard.h(39): warning C4305: 'argument' : truncation from 'double' to 'float'
     1>c:\users\nsatvik\documents\github\graphicaleditor\graphicseditor\graphicseditor\drawingboard.h(40): warning C4305: 'argument' : truncation from 'double' to 'float'
     1>c:\users\nsatvik\documents\github\graphicaleditor\graphicseditor\graphicseditor\drawingboard.h(40): warning C4305: 'argument' : truncation from 'double' to 'float'
     1>c:\users\nsatvik\documents\github\graphicaleditor\graphicseditor\graphicseditor\drawingboard.h(40): warning C4305: 'argument' : truncation from 'double' to 'float'
     1>c:\users\nsatvik\documents\github\graphicaleditor\graphicseditor\graphicseditor\drawingboard.h(42): warning C4100: 'y' : unreferenced formal parameter
     1>c:\users\nsatvik\documents\github\graphicaleditor\graphicseditor\graphicseditor\drawingboard.h(42): warning C4100: 'x' : unreferenced formal parameter
     1>c:\users\nsatvik\documents\github\graphicaleditor\graphicseditor\graphicseditor\application_main.cpp(47): warning C4305: 'argument' : truncation from 'double' to 'GLclampf'
     1>c:\users\nsatvik\documents\github\graphicaleditor\graphicseditor\graphicseditor\application_main.cpp(47): warning C4305: 'argument' : truncation from 'double' to 'GLclampf'
     1>c:\users\nsatvik\documents\github\graphicaleditor\graphicseditor\graphicseditor\application_main.cpp(47): warning C4305: 'argument' : truncation from 'double' to 'GLclampf'
     1>c:\users\nsatvik\documents\github\graphicaleditor\graphicseditor\graphicseditor\application_main.cpp(47): warning C4305: 'argument' : truncation from 'double' to 'GLclampf'
     1>c:\users\nsatvik\documents\github\graphicaleditor\graphicseditor\graphicseditor\application_main.cpp(62): warning C4244: '*=' : conversion from 'float' to 'int', possible loss of data
     1>c:\users\nsatvik\documents\github\graphicaleditor\graphicseditor\graphicseditor\application_main.cpp(64): warning C4244: '*=' : conversion from 'float' to 'int', possible loss of data
     1>c:\program files (x86)\microsoft sdks\windows\v7.0a\include\gl\freeglut_std.h(610): warning C4505: 'glutCreateMenu_ATEXIT_HACK' : unreferenced local function has been removed
     1>c:\users\nsatvik\documents\github\graphicaleditor\graphicseditor\graphicseditor\menubar.h(54): warning C4715: 'MenuBar::isClickInsideMenu' : not all control paths return a value
       Link:
         c:\Program Files (x86)\Microsoft Visual Studio 10.0\VC\bin\link.exe /ERRORREPORT:PROMPT /OUT:"C:\Users\nsatvik\Documents\GitHub\GraphicalEditor\GraphicsEditor\Debug\GraphicsEditor.exe" /INCREMENTAL:NO /NOLOGO glut32.lib glu32.lib opengl32.lib kernel32.lib user32.lib gdi32.lib winspool.lib comdlg32.lib advapi32.lib shell32.lib ole32.lib oleaut32.lib uuid.lib odbc32.lib odbccp32.lib /MANIFEST /ManifestFile:"Debug\GraphicsEditor.exe.intermediate.manifest" /MANIFESTUAC:"level='asInvoker' uiAccess='false'" /DEBUG /PDB:"C:\Users\nsatvik\Documents\GitHub\GraphicalEditor\GraphicsEditor\Debug\GraphicsEditor.pdb" /SUBSYSTEM:CONSOLE /TLBID:1 /DYNAMICBASE /NXCOMPAT /IMPLIB:"C:\Users\nsatvik\Documents\GitHub\GraphicalEditor\GraphicsEditor\Debug\GraphicsEditor.lib" /MACHINE:X86 Debug\application_main.obj
     1>application_main.obj : warning LNK4075: ignoring '/EDITANDCONTINUE' due to '/INCREMENTAL:NO' specification
         GraphicsEditor.vcxproj -> C:\Users\nsatvik\Documents\GitHub\GraphicalEditor\GraphicsEditor\Debug\GraphicsEditor.exe
       Manifest:
         C:\Program Files (x86)\Microsoft SDKs\Windows\v7.0A\bin\mt.exe /nologo /verbose /outputresource:"C:\Users\nsatvik\Documents\GitHub\GraphicalEditor\GraphicsEditor\Debug\GraphicsEditor.exe;#1" /manifest Debug\GraphicsEditor.exe.intermediate.manifest
       FinalizeBuildStatus:
         Deleting file "Debug\GraphicsEditor.unsuccessfulbuild".
         Touching "Debug\GraphicsEditor.lastbuildstate".
     1>Done Building Project "C:\Users\nsatvik\Documents\GitHub\GraphicalEditor\GraphicsEditor\GraphicsEditor\GraphicsEditor.vcxproj" (build target(s)).

Build succeeded.

Time Elapsed 00:00:02.52
